0 info it worked if it ends with ok
1 verbose cli [ 'C:\\Program Files\\nodejs\\node.exe',
1 verbose cli   'C:\\Users\\chat\\AppData\\Roaming\\npm\\node_modules\\npm\\bin\\npm-cli.js',
1 verbose cli   'run',
1 verbose cli   'docker:publish',
1 verbose cli   '--no-cache' ]
2 info using npm@6.1.0
3 info using node@v10.4.0
4 verbose run-script [ 'predocker:publish', 'docker:publish', 'postdocker:publish' ]
5 info lifecycle lemon-mart-swagger-server@1.0.0~predocker:publish: lemon-mart-swagger-server@1.0.0
6 verbose lifecycle lemon-mart-swagger-server@1.0.0~predocker:publish: unsafe-perm in lifecycle true
7 verbose lifecycle lemon-mart-swagger-server@1.0.0~predocker:publish: PATH: C:\Users\chat\AppData\Roaming\npm\node_modules\npm\node_modules\npm-lifecycle\node-gyp-bin;D:\documents\informatique\angular\angular6enterprise\dev\lemon-mart-swagger-server\node_modules\.bin;C:\Program Files (x86)\Common Files\Oracle\Java\javapath;C:\VulkanSDK\1.0.68.0\Bin;C:\Python27\;C:\Python27\Scripts;C:\ProgramData\Oracle\Java\javapath;C:\Program Files (x86)\Intel\iCLS Client\;C:\Program Files\Intel\iCLS Client\;C:\Windows\system32;C:\Windows;C:\Windows\System32\Wbem;C:\Windows\System32\WindowsPowerShell\v1.0\;C:\Program Files (x86)\Intel\Intel(R) Management Engine Components\DAL;C:\Program Files\Intel\Intel(R) Management Engine Components\DAL;C:\Program Files (x86)\Intel\Intel(R) Management Engine Components\IPT;C:\Program Files\Intel\Intel(R) Management Engine Components\IPT;C:\Program Files (x86)\NVIDIA Corporation\PhysX\Common;C:\WINDOWS\system32;C:\WINDOWS;C:\WINDOWS\System32\Wbem;C:\WINDOWS\System32\WindowsPowerShell\v1.0\;C:\Program Files\MATLAB\MATLAB Runtime\v93\runtime\win64;C:\HashiCorp\Vagrant\bin;C:\Program Files\Microsoft\Web Platform Installer\;C:\Program Files (x86)\Microsoft ASP.NET\ASP.NET Web Pages\v1.0\;C:\Program Files (x86)\Windows Kits\8.0\Windows Performance Toolkit\;C:\Program Files\Microsoft SQL Server\110\Tools\Binn\;C:\Program Files (x86)\gregorio\bin;C:\Program Files (x86)\scala\bin;C:\Program Files\erl9.3\bin;C:\Tools;C:\ProgramData\chocolatey\bin;C:\Program Files\Git\cmd;C:\Program Files\Java\jdk1.8.0_172\bin;C:\Program Files\nodejs\;C:\WINDOWS\System32\OpenSSH\;C:\Users\chat\AppData\Local\Microsoft\WindowsApps;C:\Program Files\MiKTeX 2.9\miktex\bin\x64\;C:\Users\chat\AppData\Local\Programs\MiKTeX 2.9\miktex\bin\x64\;C:\Program Files (x86)\Nmap;C:\Users\chat\AppData\Local\GitHubDesktop\bin;C:\Program Files\Heroku\bin;C:\Users\chat\AppData\Local\atom\bin;C:\Program Files\Microsoft VS Code\bin;C:\Users\chat\AppData\Roaming\npm;C:\Program Files\Docker Toolbox;C:\Users\chat\AppData\Local\Microsoft\WindowsApps
8 verbose lifecycle lemon-mart-swagger-server@1.0.0~predocker:publish: CWD: D:\documents\informatique\angular\angular6enterprise\dev\lemon-mart-swagger-server
9 silly lifecycle lemon-mart-swagger-server@1.0.0~predocker:publish: Args: [ '/d /s /c',
9 silly lifecycle   'echo Attention! Ensure `docker login` is correct.' ]
10 silly lifecycle lemon-mart-swagger-server@1.0.0~predocker:publish: Returned: code: 0  signal: null
11 info lifecycle lemon-mart-swagger-server@1.0.0~docker:publish: lemon-mart-swagger-server@1.0.0
12 verbose lifecycle lemon-mart-swagger-server@1.0.0~docker:publish: unsafe-perm in lifecycle true
13 verbose lifecycle lemon-mart-swagger-server@1.0.0~docker:publish: PATH: C:\Users\chat\AppData\Roaming\npm\node_modules\npm\node_modules\npm-lifecycle\node-gyp-bin;D:\documents\informatique\angular\angular6enterprise\dev\lemon-mart-swagger-server\node_modules\.bin;C:\Program Files (x86)\Common Files\Oracle\Java\javapath;C:\VulkanSDK\1.0.68.0\Bin;C:\Python27\;C:\Python27\Scripts;C:\ProgramData\Oracle\Java\javapath;C:\Program Files (x86)\Intel\iCLS Client\;C:\Program Files\Intel\iCLS Client\;C:\Windows\system32;C:\Windows;C:\Windows\System32\Wbem;C:\Windows\System32\WindowsPowerShell\v1.0\;C:\Program Files (x86)\Intel\Intel(R) Management Engine Components\DAL;C:\Program Files\Intel\Intel(R) Management Engine Components\DAL;C:\Program Files (x86)\Intel\Intel(R) Management Engine Components\IPT;C:\Program Files\Intel\Intel(R) Management Engine Components\IPT;C:\Program Files (x86)\NVIDIA Corporation\PhysX\Common;C:\WINDOWS\system32;C:\WINDOWS;C:\WINDOWS\System32\Wbem;C:\WINDOWS\System32\WindowsPowerShell\v1.0\;C:\Program Files\MATLAB\MATLAB Runtime\v93\runtime\win64;C:\HashiCorp\Vagrant\bin;C:\Program Files\Microsoft\Web Platform Installer\;C:\Program Files (x86)\Microsoft ASP.NET\ASP.NET Web Pages\v1.0\;C:\Program Files (x86)\Windows Kits\8.0\Windows Performance Toolkit\;C:\Program Files\Microsoft SQL Server\110\Tools\Binn\;C:\Program Files (x86)\gregorio\bin;C:\Program Files (x86)\scala\bin;C:\Program Files\erl9.3\bin;C:\Tools;C:\ProgramData\chocolatey\bin;C:\Program Files\Git\cmd;C:\Program Files\Java\jdk1.8.0_172\bin;C:\Program Files\nodejs\;C:\WINDOWS\System32\OpenSSH\;C:\Users\chat\AppData\Local\Microsoft\WindowsApps;C:\Program Files\MiKTeX 2.9\miktex\bin\x64\;C:\Users\chat\AppData\Local\Programs\MiKTeX 2.9\miktex\bin\x64\;C:\Program Files (x86)\Nmap;C:\Users\chat\AppData\Local\GitHubDesktop\bin;C:\Program Files\Heroku\bin;C:\Users\chat\AppData\Local\atom\bin;C:\Program Files\Microsoft VS Code\bin;C:\Users\chat\AppData\Roaming\npm;C:\Program Files\Docker Toolbox;C:\Users\chat\AppData\Local\Microsoft\WindowsApps
14 verbose lifecycle lemon-mart-swagger-server@1.0.0~docker:publish: CWD: D:\documents\informatique\angular\angular6enterprise\dev\lemon-mart-swagger-server
15 silly lifecycle lemon-mart-swagger-server@1.0.0~docker:publish: Args: [ '/d /s /c',
15 silly lifecycle   'cross-conf-env docker image push $npm_package_config_imageRepo:$npm_package_version' ]
16 silly lifecycle lemon-mart-swagger-server@1.0.0~docker:publish: Returned: code: 1  signal: null
17 info lifecycle lemon-mart-swagger-server@1.0.0~docker:publish: Failed to exec docker:publish script
18 verbose stack Error: lemon-mart-swagger-server@1.0.0 docker:publish: `cross-conf-env docker image push $npm_package_config_imageRepo:$npm_package_version`
18 verbose stack Exit status 1
18 verbose stack     at EventEmitter.<anonymous> (C:\Users\chat\AppData\Roaming\npm\node_modules\npm\node_modules\npm-lifecycle\index.js:304:16)
18 verbose stack     at EventEmitter.emit (events.js:182:13)
18 verbose stack     at ChildProcess.<anonymous> (C:\Users\chat\AppData\Roaming\npm\node_modules\npm\node_modules\npm-lifecycle\lib\spawn.js:55:14)
18 verbose stack     at ChildProcess.emit (events.js:182:13)
18 verbose stack     at maybeClose (internal/child_process.js:961:16)
18 verbose stack     at Process.ChildProcess._handle.onexit (internal/child_process.js:248:5)
19 verbose pkgid lemon-mart-swagger-server@1.0.0
20 verbose cwd D:\documents\informatique\angular\angular6enterprise\dev\lemon-mart-swagger-server
21 verbose Windows_NT 10.0.17134
22 verbose argv "C:\\Program Files\\nodejs\\node.exe" "C:\\Users\\chat\\AppData\\Roaming\\npm\\node_modules\\npm\\bin\\npm-cli.js" "run" "docker:publish" "--no-cache"
23 verbose node v10.4.0
24 verbose npm  v6.1.0
25 error code ELIFECYCLE
26 error errno 1
27 error lemon-mart-swagger-server@1.0.0 docker:publish: `cross-conf-env docker image push $npm_package_config_imageRepo:$npm_package_version`
27 error Exit status 1
28 error Failed at the lemon-mart-swagger-server@1.0.0 docker:publish script.
28 error This is probably not a problem with npm. There is likely additional logging output above.
29 verbose exit [ 1, true ]
